<?xml version="1.0" encoding="UTF-8"?>
<!-- Generated by org.testng.reporters.JUnitReportReporter -->
<testsuite hostname="DESKTOP-3LSSH1C" failures="0" tests="1" name="Test.SignUP" time="19.014" errors="0" timestamp="2022-06-09T21:18:16 IST" skipped="0">
  <testcase classname="Test.SignUP" name="ZerodhaSignUp" time="19.014"/>
  <system-out/>
</testsuite> <!-- Test.SignUP -->
