<?xml version="1.0" encoding="UTF-8"?>
<!-- Generated by org.testng.reporters.JUnitReportReporter -->
<testsuite hostname="DESKTOP-3LSSH1C" failures="0" tests="1" name="Test.PinPageTest" time="14.325" errors="0" timestamp="2022-07-15T11:55:17 IST" skipped="0">
  <testcase classname="Test.PinPageTest" name="loginToZerodhaWithPinTest" time="14.325"/>
  <system-out/>
</testsuite> <!-- Test.PinPageTest -->
